<?xml version="1.0" encoding="UTF-8"?>
<testsuite name="com.herokuapp.potus.PresidentsSpecName" tests="1" skipped="0" failures="0" errors="0" timestamp="2015-05-06T00:45:43" hostname="ThinkPad-T420" time="7.955">
  <properties/>
  <testcase name="Should test Should be able to search by first name or last name, Searching for Abraham should display Abraham Lincoln but searching for Bush should display both George Bush and George W. Bush" classname="com.herokuapp.potus.PresidentsSpecName" time="7.955"/>
  <system-out><![CDATA[Complete
Complete
Complete
]]></system-out>
  <system-err><![CDATA[]]></system-err>
</testsuite>
